0 info it worked if it ends with ok
1 verbose cli [ '/usr/bin/node', '/usr/bin/npm', 'install', '-g', 'now' ]
2 info using npm@3.5.2
3 info using node@v8.10.0
4 silly loadCurrentTree Starting
5 silly install loadCurrentTree
6 silly install readGlobalPackageData
7 silly fetchPackageMetaData now
8 silly fetchNamedPackageData now
9 silly mapToRegistry name now
10 silly mapToRegistry using default registry
11 silly mapToRegistry registry https://registry.npmjs.org/
12 silly mapToRegistry uri https://registry.npmjs.org/now
13 verbose request uri https://registry.npmjs.org/now
14 verbose request no auth needed
15 info attempt registry request try #1 at 15:22:43
16 verbose request id 6010ecec4d8595ab
17 http request GET https://registry.npmjs.org/now
18 http 200 https://registry.npmjs.org/now
19 verbose headers { date: 'Sun, 15 Sep 2019 12:22:45 GMT',
19 verbose headers   'content-type': 'application/json',
19 verbose headers   'transfer-encoding': 'chunked',
19 verbose headers   connection: 'keep-alive',
19 verbose headers   'set-cookie':
19 verbose headers    [ '__cfduid=d2ee3bc5ec8a67158b4da588a2ab4f7441568550164; expires=Mon, 14-Sep-20 12:22:44 GMT; path=/; domain=.npmjs.org; HttpOnly' ],
19 verbose headers   'cf-cache-status': 'REVALIDATED',
19 verbose headers   'cache-control': 'max-age=300',
19 verbose headers   'cf-ray': '516a915f3a9275f8-ARN',
19 verbose headers   etag: 'W/"0b6d3a9c3abf21c643ed2f41311c4673"',
19 verbose headers   'expect-ct': 'max-age=604800, report-uri="https://report-uri.cloudflare.com/cdn-cgi/beacon/expect-ct"',
19 verbose headers   'last-modified': 'Sat, 14 Sep 2019 15:34:17 GMT',
19 verbose headers   vary: 'accept-encoding, accept',
19 verbose headers   'x-amz-meta-rev': '1024-30bb4fab6bab4af3cb213334730ac227',
19 verbose headers   server: 'cloudflare',
19 verbose headers   'content-encoding': 'gzip' }
20 silly get cb [ 200,
20 silly get   { date: 'Sun, 15 Sep 2019 12:22:45 GMT',
20 silly get     'content-type': 'application/json',
20 silly get     'transfer-encoding': 'chunked',
20 silly get     connection: 'keep-alive',
20 silly get     'set-cookie':
20 silly get      [ '__cfduid=d2ee3bc5ec8a67158b4da588a2ab4f7441568550164; expires=Mon, 14-Sep-20 12:22:44 GMT; path=/; domain=.npmjs.org; HttpOnly' ],
20 silly get     'cf-cache-status': 'REVALIDATED',
20 silly get     'cache-control': 'max-age=300',
20 silly get     'cf-ray': '516a915f3a9275f8-ARN',
20 silly get     etag: 'W/"0b6d3a9c3abf21c643ed2f41311c4673"',
20 silly get     'expect-ct': 'max-age=604800, report-uri="https://report-uri.cloudflare.com/cdn-cgi/beacon/expect-ct"',
20 silly get     'last-modified': 'Sat, 14 Sep 2019 15:34:17 GMT',
20 silly get     vary: 'accept-encoding, accept',
20 silly get     'x-amz-meta-rev': '1024-30bb4fab6bab4af3cb213334730ac227',
20 silly get     server: 'cloudflare',
20 silly get     'content-encoding': 'gzip' } ]
21 verbose get saving now to /home/anastasiya/.npm/registry.npmjs.org/now/.cache.json
22 silly install normalizeTree
23 silly loadCurrentTree Finishing
24 silly loadIdealTree Starting
25 silly install loadIdealTree
26 silly cloneCurrentTree Starting
27 silly install cloneCurrentTreeToIdealTree
28 silly cloneCurrentTree Finishing
29 silly loadShrinkwrap Starting
30 silly install loadShrinkwrap
31 silly loadShrinkwrap Finishing
32 silly loadAllDepsIntoIdealTree Starting
33 silly install loadAllDepsIntoIdealTree
34 silly resolveWithNewModule now@16.2.0 checking installable status
35 silly cache add args [ 'now', null ]
36 verbose cache add spec now
37 silly cache add parsed spec Result {
37 silly cache add   raw: 'now',
37 silly cache add   scope: null,
37 silly cache add   name: 'now',
37 silly cache add   rawSpec: '',
37 silly cache add   spec: 'latest',
37 silly cache add   type: 'tag' }
38 silly addNamed now@latest
39 verbose addNamed "latest" is being treated as a dist-tag for now
40 info addNameTag [ 'now', 'latest' ]
41 silly mapToRegistry name now
42 silly mapToRegistry using default registry
43 silly mapToRegistry registry https://registry.npmjs.org/
44 silly mapToRegistry uri https://registry.npmjs.org/now
45 verbose addNameTag registry:https://registry.npmjs.org/now not in flight; fetching
46 verbose get https://registry.npmjs.org/now not expired, no request
47 silly addNameTag next cb for now with tag latest
48 silly addNamed now@16.2.0
49 verbose addNamed "16.2.0" is a plain semver version for now
50 silly mapToRegistry name now
51 silly mapToRegistry using default registry
52 silly mapToRegistry registry https://registry.npmjs.org/
53 silly mapToRegistry uri https://registry.npmjs.org/now
54 verbose addRemoteTarball https://registry.npmjs.org/now/-/now-16.2.0.tgz not in flight; adding
55 verbose addRemoteTarball [ 'https://registry.npmjs.org/now/-/now-16.2.0.tgz',
55 verbose addRemoteTarball   '5f778a335e4da2ffa1f0e3754cc6c765b6685a99' ]
56 info retry fetch attempt 1 at 15:22:45
57 info attempt registry request try #1 at 15:22:45
58 http fetch GET https://registry.npmjs.org/now/-/now-16.2.0.tgz
59 http fetch 200 https://registry.npmjs.org/now/-/now-16.2.0.tgz
60 silly fetchAndShaCheck shasum 5f778a335e4da2ffa1f0e3754cc6c765b6685a99
61 verbose addTmpTarball /tmp/npm-12075-25433c98/registry.npmjs.org/now/-/now-16.2.0.tgz not in flight; adding
62 verbose addTmpTarball already have metadata; skipping unpack for now@16.2.0
63 silly cache afterAdd now@16.2.0
64 verbose afterAdd /home/anastasiya/.npm/now/16.2.0/package/package.json not in flight; writing
65 verbose afterAdd /home/anastasiya/.npm/now/16.2.0/package/package.json written
66 silly loadAllDepsIntoIdealTree Finishing
67 silly idealTree:prePrune lib
67 silly idealTree:prePrune └── now@16.2.0
68 silly loadIdealTree Finishing
69 silly currentTree lib
70 silly idealTree lib
70 silly idealTree └── now@16.2.0
71 silly generateActionsToTake Starting
72 silly install generateActionsToTake
73 warn checkPermissions Missing write access to /usr/local/lib
74 silly rollbackFailedOptional Starting
75 silly rollbackFailedOptional Finishing
76 silly runTopLevelLifecycles Starting
77 silly runTopLevelLifecycles Finishing
78 silly install printInstalled
79 verbose stack Error: EACCES: permission denied, access '/usr/local/lib'
80 verbose cwd /home/anastasiya/Technopark/Solar_test
81 error Linux 4.15.0-1050-oem
82 error argv "/usr/bin/node" "/usr/bin/npm" "install" "-g" "now"
83 error node v8.10.0
84 error npm  v3.5.2
85 error path /usr/local/lib
86 error code EACCES
87 error errno -13
88 error syscall access
89 error Error: EACCES: permission denied, access '/usr/local/lib'
89 error  { Error: EACCES: permission denied, access '/usr/local/lib'
89 error   errno: -13,
89 error   code: 'EACCES',
89 error   syscall: 'access',
89 error   path: '/usr/local/lib' }
90 error Please try running this command again as root/Administrator.
91 verbose exit [ -13, true ]
